<?xml version="1.0" encoding="UTF-8"?>
<coverage generated="1690029007999" clover="3.2.0">
  <project timestamp="1690029007999" name="All files">
    <metrics statements="122" coveredstatements="87" conditionals="123" coveredconditionals="75" methods="31" coveredmethods="16" elements="276" coveredelements="178" complexity="0" loc="122" ncloc="122" packages="5" files="15" classes="15"/>
    <package name="Button">
      <metrics statements="56" coveredstatements="55" conditionals="91" coveredconditionals="70" methods="11" coveredmethods="11"/>
      <file name="Button.styles.ts" path="/Users/shervinchen/mine/code/projects/raw-ui/packages/Button/Button.styles.ts">
        <metrics statements="26" coveredstatements="26" conditionals="56" coveredconditionals="37" methods="4" coveredmethods="4"/>
        <line num="16" count="1" type="stmt"/>
        <line num="17" count="36" type="stmt"/>
        <line num="18" count="36" type="stmt"/>
        <line num="22" count="36" type="stmt"/>
        <line num="44" count="36" type="stmt"/>
        <line num="166" count="36" type="stmt"/>
        <line num="241" count="36" type="stmt"/>
        <line num="262" count="36" type="stmt"/>
        <line num="268" count="36" type="stmt"/>
        <line num="289" count="1" type="stmt"/>
        <line num="290" count="18" type="stmt"/>
        <line num="291" count="18" type="stmt"/>
        <line num="296" count="18" type="stmt"/>
        <line num="386" count="18" type="cond" truecount="3" falsecount="3"/>
        <line num="389" count="18" type="cond" truecount="4" falsecount="0"/>
        <line num="392" count="1" type="stmt"/>
        <line num="393" count="18" type="stmt"/>
        <line num="394" count="18" type="stmt"/>
        <line num="399" count="18" type="stmt"/>
        <line num="478" count="18" type="cond" truecount="3" falsecount="3"/>
        <line num="481" count="18" type="cond" truecount="4" falsecount="0"/>
        <line num="484" count="1" type="stmt"/>
        <line num="494" count="18" type="stmt"/>
        <line num="502" count="18" type="stmt"/>
        <line num="508" count="18" type="stmt"/>
        <line num="510" count="18" type="stmt"/>
      </file>
      <file name="Button.tsx" path="/Users/shervinchen/mine/code/projects/raw-ui/packages/Button/Button.tsx">
        <metrics statements="18" coveredstatements="17" conditionals="33" coveredconditionals="32" methods="4" coveredmethods="4"/>
        <line num="19" count="1" type="stmt"/>
        <line num="23" count="18" type="cond" truecount="1" falsecount="1"/>
        <line num="24" count="0" type="stmt"/>
        <line num="33" count="1" type="stmt"/>
        <line num="35" count="18" type="stmt"/>
        <line num="49" count="18" type="stmt"/>
        <line num="50" count="18" type="stmt"/>
        <line num="53" count="18" type="stmt"/>
        <line num="61" count="18" type="stmt"/>
        <line num="69" count="18" type="stmt"/>
        <line num="70" count="18" type="stmt"/>
        <line num="72" count="18" type="stmt"/>
        <line num="84" count="18" type="stmt"/>
        <line num="85" count="2" type="cond" truecount="4" falsecount="0"/>
        <line num="86" count="1" type="stmt"/>
        <line num="89" count="18" type="stmt"/>
        <line num="91" count="18" type="stmt"/>
        <line num="129" count="1" type="stmt"/>
      </file>
      <file name="ButtonIcon.tsx" path="/Users/shervinchen/mine/code/projects/raw-ui/packages/Button/ButtonIcon.tsx">
        <metrics statements="4" coveredstatements="4" conditionals="2" coveredconditionals="1" methods="1" coveredmethods="1"/>
        <line num="7" count="1" type="stmt"/>
        <line num="14" count="3" type="stmt"/>
        <line num="39" count="3" type="stmt"/>
        <line num="48" count="3" type="stmt"/>
      </file>
      <file name="ButtonLoading.tsx" path="/Users/shervinchen/mine/code/projects/raw-ui/packages/Button/ButtonLoading.tsx">
        <metrics statements="4" coveredstatements="4" conditionals="0" coveredconditionals="0" methods="1" coveredmethods="1"/>
        <line num="8" count="1" type="stmt"/>
        <line num="12" count="1" type="stmt"/>
        <line num="27" count="1" type="stmt"/>
        <line num="29" count="1" type="stmt"/>
      </file>
      <file name="button-group-context.ts" path="/Users/shervinchen/mine/code/projects/raw-ui/packages/Button/button-group-context.ts">
        <metrics statements="4" coveredstatements="4" conditionals="0" coveredconditionals="0" methods="1" coveredmethods="1"/>
        <line num="4" count="1" type="stmt"/>
        <line num="13" count="1" type="stmt"/>
        <line num="15" count="1" type="stmt"/>
        <line num="16" count="18" type="stmt"/>
      </file>
    </package>
    <package name="Loading">
      <metrics statements="18" coveredstatements="12" conditionals="11" coveredconditionals="5" methods="6" coveredmethods="3"/>
      <file name="Loading.styles.ts" path="/Users/shervinchen/mine/code/projects/raw-ui/packages/Loading/Loading.styles.ts">
        <metrics statements="4" coveredstatements="3" conditionals="2" coveredconditionals="1" methods="2" coveredmethods="1"/>
        <line num="4" count="1" type="cond" truecount="1" falsecount="0"/>
        <line num="5" count="1" type="stmt"/>
        <line num="61" count="1" type="cond" truecount="0" falsecount="1"/>
        <line num="62" count="0" type="stmt"/>
      </file>
      <file name="Loading.tsx" path="/Users/shervinchen/mine/code/projects/raw-ui/packages/Loading/Loading.tsx">
        <metrics statements="14" coveredstatements="9" conditionals="9" coveredconditionals="4" methods="4" coveredmethods="2"/>
        <line num="7" count="1" type="stmt"/>
        <line num="10" count="1" type="stmt"/>
        <line num="11" count="1" type="stmt"/>
        <line num="15" count="1" type="stmt"/>
        <line num="17" count="1" type="stmt"/>
        <line num="30" count="1" type="stmt"/>
        <line num="33" count="0" type="stmt"/>
        <line num="34" count="0" type="stmt"/>
        <line num="38" count="0" type="stmt"/>
        <line num="40" count="0" type="stmt"/>
        <line num="45" count="0" type="stmt"/>
        <line num="55" count="1" type="stmt"/>
        <line num="62" count="1" type="cond" truecount="1" falsecount="1"/>
        <line num="73" count="1" type="stmt"/>
      </file>
      <file name="index.ts" path="/Users/shervinchen/mine/code/projects/raw-ui/packages/Loading/index.ts">
        <metrics statements="0" coveredstatements="0" conditionals="0" coveredconditionals="0" methods="0" coveredmethods="0"/>
      </file>
    </package>
    <package name="Theme">
      <metrics statements="38" coveredstatements="13" conditionals="19" coveredconditionals="0" methods="11" coveredmethods="2"/>
      <file name="theme-context.ts" path="/Users/shervinchen/mine/code/projects/raw-ui/packages/Theme/theme-context.ts">
        <metrics statements="3" coveredstatements="3" conditionals="0" coveredconditionals="0" methods="1" coveredmethods="1"/>
        <line num="5" count="1" type="stmt"/>
        <line num="8" count="1" type="stmt"/>
        <line num="10" count="72" type="stmt"/>
      </file>
      <file name="theme.ts" path="/Users/shervinchen/mine/code/projects/raw-ui/packages/Theme/theme.ts">
        <metrics statements="35" coveredstatements="10" conditionals="19" coveredconditionals="0" methods="10" coveredmethods="1"/>
        <line num="7" count="1" type="stmt"/>
        <line num="11" count="0" type="cond" truecount="0" falsecount="4"/>
        <line num="13" count="0" type="stmt"/>
        <line num="16" count="0" type="stmt"/>
        <line num="18" count="0" type="stmt"/>
        <line num="19" count="0" type="stmt"/>
        <line num="20" count="0" type="stmt"/>
        <line num="22" count="0" type="cond" truecount="0" falsecount="4"/>
        <line num="23" count="0" type="stmt"/>
        <line num="24" count="0" type="cond" truecount="0" falsecount="4"/>
        <line num="25" count="0" type="stmt"/>
        <line num="28" count="0" type="cond" truecount="0" falsecount="2"/>
        <line num="29" count="0" type="stmt"/>
        <line num="31" count="0" type="stmt"/>
        <line num="35" count="0" type="stmt"/>
        <line num="38" count="1" type="stmt"/>
        <line num="39" count="0" type="stmt"/>
        <line num="42" count="1" type="stmt"/>
        <line num="43" count="1" type="stmt"/>
        <line num="46" count="1" type="stmt"/>
        <line num="47" count="0" type="cond" truecount="0" falsecount="2"/>
        <line num="48" count="0" type="stmt"/>
        <line num="49" count="0" type="stmt"/>
        <line num="50" count="0" type="stmt"/>
        <line num="53" count="1" type="cond" truecount="0" falsecount="1"/>
        <line num="54" count="0" type="stmt"/>
        <line num="57" count="1" type="stmt"/>
        <line num="61" count="0" type="cond" truecount="0" falsecount="2"/>
        <line num="62" count="0" type="stmt"/>
        <line num="65" count="0" type="stmt"/>
        <line num="68" count="1" type="stmt"/>
        <line num="69" count="0" type="stmt"/>
        <line num="70" count="1" type="stmt"/>
        <line num="71" count="0" type="stmt"/>
        <line num="73" count="1" type="stmt"/>
      </file>
    </package>
    <package name="Theme.preset">
      <metrics statements="6" coveredstatements="6" conditionals="0" coveredconditionals="0" methods="0" coveredmethods="0"/>
      <file name="dark.ts" path="/Users/shervinchen/mine/code/projects/raw-ui/packages/Theme/preset/dark.ts">
        <metrics statements="3" coveredstatements="3" conditionals="0" coveredconditionals="0" methods="0" coveredmethods="0"/>
        <line num="3" count="1" type="stmt"/>
        <line num="37" count="1" type="stmt"/>
        <line num="45" count="1" type="stmt"/>
      </file>
      <file name="default.ts" path="/Users/shervinchen/mine/code/projects/raw-ui/packages/Theme/preset/default.ts">
        <metrics statements="3" coveredstatements="3" conditionals="0" coveredconditionals="0" methods="0" coveredmethods="0"/>
        <line num="3" count="1" type="stmt"/>
        <line num="37" count="1" type="stmt"/>
        <line num="45" count="1" type="stmt"/>
      </file>
    </package>
    <package name="utils.common">
      <metrics statements="4" coveredstatements="1" conditionals="2" coveredconditionals="0" methods="3" coveredmethods="0"/>
      <file name="getValidChildren.ts" path="/Users/shervinchen/mine/code/projects/raw-ui/packages/utils/common/getValidChildren.ts">
        <metrics statements="2" coveredstatements="0" conditionals="0" coveredconditionals="0" methods="2" coveredmethods="0"/>
        <line num="4" count="0" type="stmt"/>
        <line num="5" count="0" type="stmt"/>
      </file>
      <file name="index.ts" path="/Users/shervinchen/mine/code/projects/raw-ui/packages/utils/common/index.ts">
        <metrics statements="0" coveredstatements="0" conditionals="0" coveredconditionals="0" methods="0" coveredmethods="0"/>
      </file>
      <file name="isObject.ts" path="/Users/shervinchen/mine/code/projects/raw-ui/packages/utils/common/isObject.ts">
        <metrics statements="2" coveredstatements="1" conditionals="2" coveredconditionals="0" methods="1" coveredmethods="0"/>
        <line num="1" count="1" type="stmt"/>
        <line num="2" count="0" type="cond" truecount="0" falsecount="2"/>
      </file>
    </package>
  </project>
</coverage>
