{"/Users/shervinchen/mine/code/projects/raw-ui/packages/Button/Button.styles.ts": {"path":"/Users/shervinchen/mine/code/projects/raw-ui/packages/Button/Button.styles.ts","statementMap":{"0":{"start":{"line":16,"column":31},"end":{"line":287,"column":1}},"1":{"start":{"line":17,"column":28},"end":{"line":17,"column":38}},"2":{"start":{"line":18,"column":53},"end":{"line":18,"column":58}},"3":{"start":{"line":22,"column":6},"end":{"line":38,"column":3}},"4":{"start":{"line":44,"column":6},"end":{"line":160,"column":3}},"5":{"start":{"line":166,"column":6},"end":{"line":237,"column":3}},"6":{"start":{"line":241,"column":6},"end":{"line":260,"column":3}},"7":{"start":{"line":262,"column":24},"end":{"line":266,"column":3}},"8":{"start":{"line":268,"column":2},"end":{"line":286,"column":4}},"9":{"start":{"line":289,"column":36},"end":{"line":390,"column":1}},"10":{"start":{"line":290,"column":28},"end":{"line":290,"column":38}},"11":{"start":{"line":291,"column":47},"end":{"line":291,"column":52}},"12":{"start":{"line":296,"column":6},"end":{"line":383,"column":3}},"13":{"start":{"line":386,"column":4},"end":{"line":387,"column":32}},"14":{"start":{"line":389,"column":2},"end":{"line":389,"column":50}},"15":{"start":{"line":392,"column":30},"end":{"line":482,"column":1}},"16":{"start":{"line":393,"column":28},"end":{"line":393,"column":38}},"17":{"start":{"line":394,"column":47},"end":{"line":394,"column":52}},"18":{"start":{"line":399,"column":6},"end":{"line":475,"column":3}},"19":{"start":{"line":478,"column":4},"end":{"line":479,"column":32}},"20":{"start":{"line":481,"column":2},"end":{"line":481,"column":50}},"21":{"start":{"line":484,"column":28},"end":{"line":568,"column":1}},"22":{"start":{"line":494,"column":6},"end":{"line":494,"column":28}},"23":{"start":{"line":502,"column":6},"end":{"line":502,"column":33}},"24":{"start":{"line":508,"column":6},"end":{"line":508,"column":34}},"25":{"start":{"line":510,"column":2},"end":{"line":567,"column":4}}},"fnMap":{"0":{"name":"(anonymous_0)","decl":{"start":{"line":16,"column":31},"end":{"line":16,"column":32}},"loc":{"start":{"line":16,"column":69},"end":{"line":287,"column":1}},"line":16},"1":{"name":"(anonymous_1)","decl":{"start":{"line":289,"column":36},"end":{"line":289,"column":37}},"loc":{"start":{"line":289,"column":79},"end":{"line":390,"column":1}},"line":289},"2":{"name":"(anonymous_2)","decl":{"start":{"line":392,"column":30},"end":{"line":392,"column":31}},"loc":{"start":{"line":392,"column":74},"end":{"line":482,"column":1}},"line":392},"3":{"name":"(anonymous_3)","decl":{"start":{"line":484,"column":28},"end":{"line":484,"column":29}},"loc":{"start":{"line":484,"column":52},"end":{"line":568,"column":1}},"line":484}},"branchMap":{"0":{"loc":{"start":{"line":263,"column":8},"end":{"line":264,"column":34}},"type":"binary-expr","locations":[{"start":{"line":263,"column":8},"end":{"line":263,"column":59}},{"start":{"line":264,"column":6},"end":{"line":264,"column":34}}],"line":263},"1":{"loc":{"start":{"line":263,"column":17},"end":{"line":263,"column":34}},"type":"binary-expr","locations":[{"start":{"line":263,"column":17},"end":{"line":263,"column":21}},{"start":{"line":263,"column":25},"end":{"line":263,"column":34}}],"line":263},"2":{"loc":{"start":{"line":263,"column":38},"end":{"line":263,"column":58}},"type":"binary-expr","locations":[{"start":{"line":263,"column":38},"end":{"line":263,"column":45}},{"start":{"line":263,"column":49},"end":{"line":263,"column":58}}],"line":263},"3":{"loc":{"start":{"line":265,"column":8},"end":{"line":265,"column":44}},"type":"binary-expr","locations":[{"start":{"line":265,"column":8},"end":{"line":265,"column":29}},{"start":{"line":265,"column":33},"end":{"line":265,"column":44}}],"line":265},"4":{"loc":{"start":{"line":265,"column":16},"end":{"line":265,"column":28}},"type":"binary-expr","locations":[{"start":{"line":265,"column":16},"end":{"line":265,"column":20}},{"start":{"line":265,"column":24},"end":{"line":265,"column":28}}],"line":265},"5":{"loc":{"start":{"line":270,"column":8},"end":{"line":276,"column":10}},"type":"cond-expr","locations":[{"start":{"line":271,"column":8},"end":{"line":275,"column":9}},{"start":{"line":276,"column":8},"end":{"line":276,"column":10}}],"line":270},"6":{"loc":{"start":{"line":272,"column":14},"end":{"line":273,"column":47}},"type":"binary-expr","locations":[{"start":{"line":272,"column":14},"end":{"line":272,"column":72}},{"start":{"line":273,"column":12},"end":{"line":273,"column":47}}],"line":272},"7":{"loc":{"start":{"line":272,"column":30},"end":{"line":272,"column":47}},"type":"binary-expr","locations":[{"start":{"line":272,"column":30},"end":{"line":272,"column":34}},{"start":{"line":272,"column":38},"end":{"line":272,"column":47}}],"line":272},"8":{"loc":{"start":{"line":272,"column":51},"end":{"line":272,"column":71}},"type":"binary-expr","locations":[{"start":{"line":272,"column":51},"end":{"line":272,"column":58}},{"start":{"line":272,"column":62},"end":{"line":272,"column":71}}],"line":272},"9":{"loc":{"start":{"line":277,"column":8},"end":{"line":285,"column":10}},"type":"cond-expr","locations":[{"start":{"line":278,"column":8},"end":{"line":284,"column":9}},{"start":{"line":285,"column":8},"end":{"line":285,"column":10}}],"line":277},"10":{"loc":{"start":{"line":279,"column":14},"end":{"line":282,"column":39}},"type":"cond-expr","locations":[{"start":{"line":280,"column":14},"end":{"line":280,"column":39}},{"start":{"line":281,"column":14},"end":{"line":282,"column":39}}],"line":279},"11":{"loc":{"start":{"line":281,"column":14},"end":{"line":282,"column":39}},"type":"binary-expr","locations":[{"start":{"line":281,"column":14},"end":{"line":281,"column":52}},{"start":{"line":282,"column":14},"end":{"line":282,"column":39}}],"line":281},"12":{"loc":{"start":{"line":281,"column":31},"end":{"line":281,"column":51}},"type":"binary-expr","locations":[{"start":{"line":281,"column":31},"end":{"line":281,"column":38}},{"start":{"line":281,"column":42},"end":{"line":281,"column":51}}],"line":281},"13":{"loc":{"start":{"line":386,"column":4},"end":{"line":387,"column":32}},"type":"binary-expr","locations":[{"start":{"line":386,"column":4},"end":{"line":386,"column":55}},{"start":{"line":387,"column":4},"end":{"line":387,"column":32}}],"line":386},"14":{"loc":{"start":{"line":386,"column":13},"end":{"line":386,"column":30}},"type":"binary-expr","locations":[{"start":{"line":386,"column":13},"end":{"line":386,"column":17}},{"start":{"line":386,"column":21},"end":{"line":386,"column":30}}],"line":386},"15":{"loc":{"start":{"line":386,"column":34},"end":{"line":386,"column":54}},"type":"binary-expr","locations":[{"start":{"line":386,"column":34},"end":{"line":386,"column":41}},{"start":{"line":386,"column":45},"end":{"line":386,"column":54}}],"line":386},"16":{"loc":{"start":{"line":389,"column":9},"end":{"line":389,"column":49}},"type":"cond-expr","locations":[{"start":{"line":389,"column":31},"end":{"line":389,"column":33}},{"start":{"line":389,"column":36},"end":{"line":389,"column":49}}],"line":389},"17":{"loc":{"start":{"line":389,"column":9},"end":{"line":389,"column":28}},"type":"binary-expr","locations":[{"start":{"line":389,"column":9},"end":{"line":389,"column":16}},{"start":{"line":389,"column":20},"end":{"line":389,"column":28}}],"line":389},"18":{"loc":{"start":{"line":478,"column":4},"end":{"line":479,"column":32}},"type":"binary-expr","locations":[{"start":{"line":478,"column":4},"end":{"line":478,"column":55}},{"start":{"line":479,"column":4},"end":{"line":479,"column":32}}],"line":478},"19":{"loc":{"start":{"line":478,"column":13},"end":{"line":478,"column":30}},"type":"binary-expr","locations":[{"start":{"line":478,"column":13},"end":{"line":478,"column":17}},{"start":{"line":478,"column":21},"end":{"line":478,"column":30}}],"line":478},"20":{"loc":{"start":{"line":478,"column":34},"end":{"line":478,"column":54}},"type":"binary-expr","locations":[{"start":{"line":478,"column":34},"end":{"line":478,"column":41}},{"start":{"line":478,"column":45},"end":{"line":478,"column":54}}],"line":478},"21":{"loc":{"start":{"line":481,"column":9},"end":{"line":481,"column":49}},"type":"cond-expr","locations":[{"start":{"line":481,"column":31},"end":{"line":481,"column":33}},{"start":{"line":481,"column":36},"end":{"line":481,"column":49}}],"line":481},"22":{"loc":{"start":{"line":481,"column":9},"end":{"line":481,"column":28}},"type":"binary-expr","locations":[{"start":{"line":481,"column":9},"end":{"line":481,"column":16}},{"start":{"line":481,"column":20},"end":{"line":481,"column":28}}],"line":481},"23":{"loc":{"start":{"line":492,"column":4},"end":{"line":492,"column":22}},"type":"default-arg","locations":[{"start":{"line":492,"column":16},"end":{"line":492,"column":22}}],"line":492},"24":{"loc":{"start":{"line":493,"column":4},"end":{"line":493,"column":22}},"type":"default-arg","locations":[{"start":{"line":493,"column":13},"end":{"line":493,"column":22}}],"line":493},"25":{"loc":{"start":{"line":497,"column":4},"end":{"line":497,"column":42}},"type":"default-arg","locations":[{"start":{"line":497,"column":27},"end":{"line":497,"column":42}}],"line":497},"26":{"loc":{"start":{"line":498,"column":4},"end":{"line":498,"column":34}},"type":"default-arg","locations":[{"start":{"line":498,"column":23},"end":{"line":498,"column":34}}],"line":498},"27":{"loc":{"start":{"line":499,"column":4},"end":{"line":499,"column":22}},"type":"default-arg","locations":[{"start":{"line":499,"column":17},"end":{"line":499,"column":22}}],"line":499},"28":{"loc":{"start":{"line":500,"column":4},"end":{"line":500,"column":27}},"type":"default-arg","locations":[{"start":{"line":500,"column":21},"end":{"line":500,"column":27}}],"line":500},"29":{"loc":{"start":{"line":501,"column":4},"end":{"line":501,"column":27}},"type":"default-arg","locations":[{"start":{"line":501,"column":21},"end":{"line":501,"column":27}}],"line":501},"30":{"loc":{"start":{"line":505,"column":4},"end":{"line":505,"column":43}},"type":"default-arg","locations":[{"start":{"line":505,"column":28},"end":{"line":505,"column":43}}],"line":505},"31":{"loc":{"start":{"line":506,"column":4},"end":{"line":506,"column":28}},"type":"default-arg","locations":[{"start":{"line":506,"column":22},"end":{"line":506,"column":28}}],"line":506},"32":{"loc":{"start":{"line":507,"column":4},"end":{"line":507,"column":28}},"type":"default-arg","locations":[{"start":{"line":507,"column":22},"end":{"line":507,"column":28}}],"line":507}},"s":{"0":1,"1":36,"2":36,"3":36,"4":36,"5":36,"6":36,"7":36,"8":36,"9":1,"10":18,"11":18,"12":18,"13":18,"14":18,"15":1,"16":18,"17":18,"18":18,"19":18,"20":18,"21":1,"22":18,"23":18,"24":18,"25":18},"f":{"0":36,"1":18,"2":18,"3":18},"b":{"0":[36,0],"1":[36,0],"2":[36,0],"3":[36,0],"4":[36,0],"5":[2,34],"6":[2,0],"7":[2,0],"8":[2,0],"9":[2,34],"10":[2,0],"11":[0,0],"12":[0,0],"13":[18,0],"14":[18,0],"15":[18,0],"16":[2,16],"17":[18,17],"18":[18,0],"19":[18,0],"20":[18,0],"21":[2,16],"22":[18,17],"23":[17],"24":[16],"25":[13],"26":[8],"27":[3],"28":[17],"29":[17],"30":[3],"31":[17],"32":[17]},"_coverageSchema":"1a1c01bbd47fc00a2c39e90264f33305004495a9","hash":"b38de3162fea8f202b09ce844d261270216fa80e"}
,"/Users/shervinchen/mine/code/projects/raw-ui/packages/Button/Button.tsx": {"path":"/Users/shervinchen/mine/code/projects/raw-ui/packages/Button/Button.tsx","statementMap":{"0":{"start":{"line":19,"column":30},"end":{"line":31,"column":1}},"1":{"start":{"line":23,"column":2},"end":{"line":23,"column":48}},"2":{"start":{"line":23,"column":29},"end":{"line":23,"column":48}},"3":{"start":{"line":24,"column":2},"end":{"line":30,"column":4}},"4":{"start":{"line":33,"column":15},"end":{"line":127,"column":1}},"5":{"start":{"line":35,"column":30},"end":{"line":35,"column":53}},"6":{"start":{"line":49,"column":8},"end":{"line":49,"column":61}},"7":{"start":{"line":50,"column":22},"end":{"line":50,"column":53}},"8":{"start":{"line":53,"column":6},"end":{"line":59,"column":8}},"9":{"start":{"line":61,"column":52},"end":{"line":67,"column":6}},"10":{"start":{"line":69,"column":24},"end":{"line":69,"column":54}},"11":{"start":{"line":70,"column":20},"end":{"line":70,"column":38}},"12":{"start":{"line":72,"column":20},"end":{"line":82,"column":5}},"13":{"start":{"line":84,"column":25},"end":{"line":87,"column":5}},"14":{"start":{"line":85,"column":6},"end":{"line":85,"column":38}},"15":{"start":{"line":85,"column":31},"end":{"line":85,"column":38}},"16":{"start":{"line":86,"column":6},"end":{"line":86,"column":23}},"17":{"start":{"line":89,"column":4},"end":{"line":89,"column":54}},"18":{"start":{"line":89,"column":35},"end":{"line":89,"column":52}},"19":{"start":{"line":91,"column":4},"end":{"line":125,"column":6}},"20":{"start":{"line":129,"column":0},"end":{"line":129,"column":33}}},"fnMap":{"0":{"name":"(anonymous_0)","decl":{"start":{"line":19,"column":30},"end":{"line":19,"column":31}},"loc":{"start":{"line":22,"column":18},"end":{"line":31,"column":1}},"line":22},"1":{"name":"(anonymous_1)","decl":{"start":{"line":34,"column":2},"end":{"line":34,"column":3}},"loc":{"start":{"line":34,"column":55},"end":{"line":126,"column":3}},"line":34},"2":{"name":"(anonymous_2)","decl":{"start":{"line":84,"column":25},"end":{"line":84,"column":26}},"loc":{"start":{"line":84,"column":67},"end":{"line":87,"column":5}},"line":84},"3":{"name":"(anonymous_3)","decl":{"start":{"line":89,"column":29},"end":{"line":89,"column":30}},"loc":{"start":{"line":89,"column":35},"end":{"line":89,"column":52}},"line":89}},"branchMap":{"0":{"loc":{"start":{"line":23,"column":2},"end":{"line":23,"column":48}},"type":"if","locations":[{"start":{"line":23,"column":2},"end":{"line":23,"column":48}},{"start":{},"end":{}}],"line":23},"1":{"loc":{"start":{"line":37,"column":6},"end":{"line":37,"column":20}},"type":"default-arg","locations":[{"start":{"line":37,"column":18},"end":{"line":37,"column":20}}],"line":37},"2":{"loc":{"start":{"line":38,"column":6},"end":{"line":38,"column":17}},"type":"default-arg","locations":[{"start":{"line":38,"column":13},"end":{"line":38,"column":17}}],"line":38},"3":{"loc":{"start":{"line":39,"column":6},"end":{"line":39,"column":22}},"type":"default-arg","locations":[{"start":{"line":39,"column":13},"end":{"line":39,"column":22}}],"line":39},"4":{"loc":{"start":{"line":40,"column":6},"end":{"line":40,"column":25}},"type":"default-arg","locations":[{"start":{"line":40,"column":16},"end":{"line":40,"column":25}}],"line":40},"5":{"loc":{"start":{"line":41,"column":6},"end":{"line":41,"column":25}},"type":"default-arg","locations":[{"start":{"line":41,"column":17},"end":{"line":41,"column":25}}],"line":41},"6":{"loc":{"start":{"line":42,"column":6},"end":{"line":42,"column":21}},"type":"default-arg","locations":[{"start":{"line":42,"column":16},"end":{"line":42,"column":21}}],"line":42},"7":{"loc":{"start":{"line":43,"column":6},"end":{"line":43,"column":22}},"type":"default-arg","locations":[{"start":{"line":43,"column":17},"end":{"line":43,"column":22}}],"line":43},"8":{"loc":{"start":{"line":74,"column":6},"end":{"line":74,"column":48}},"type":"binary-expr","locations":[{"start":{"line":74,"column":6},"end":{"line":74,"column":24}},{"start":{"line":74,"column":28},"end":{"line":74,"column":48}}],"line":74},"9":{"loc":{"start":{"line":76,"column":6},"end":{"line":76,"column":54}},"type":"binary-expr","locations":[{"start":{"line":76,"column":6},"end":{"line":76,"column":27}},{"start":{"line":76,"column":31},"end":{"line":76,"column":54}}],"line":76},"10":{"loc":{"start":{"line":77,"column":6},"end":{"line":77,"column":37}},"type":"binary-expr","locations":[{"start":{"line":77,"column":6},"end":{"line":77,"column":13}},{"start":{"line":77,"column":17},"end":{"line":77,"column":37}}],"line":77},"11":{"loc":{"start":{"line":78,"column":6},"end":{"line":78,"column":39}},"type":"binary-expr","locations":[{"start":{"line":78,"column":6},"end":{"line":78,"column":14}},{"start":{"line":78,"column":18},"end":{"line":78,"column":39}}],"line":78},"12":{"loc":{"start":{"line":79,"column":6},"end":{"line":79,"column":43}},"type":"binary-expr","locations":[{"start":{"line":79,"column":6},"end":{"line":79,"column":17}},{"start":{"line":79,"column":21},"end":{"line":79,"column":43}}],"line":79},"13":{"loc":{"start":{"line":85,"column":6},"end":{"line":85,"column":38}},"type":"if","locations":[{"start":{"line":85,"column":6},"end":{"line":85,"column":38}},{"start":{},"end":{}}],"line":85},"14":{"loc":{"start":{"line":85,"column":10},"end":{"line":85,"column":29}},"type":"binary-expr","locations":[{"start":{"line":85,"column":10},"end":{"line":85,"column":17}},{"start":{"line":85,"column":21},"end":{"line":85,"column":29}}],"line":85},"15":{"loc":{"start":{"line":100,"column":9},"end":{"line":102,"column":9}},"type":"binary-expr","locations":[{"start":{"line":100,"column":9},"end":{"line":100,"column":16}},{"start":{"line":101,"column":10},"end":{"line":101,"column":75}}],"line":100},"16":{"loc":{"start":{"line":103,"column":9},"end":{"line":111,"column":9}},"type":"binary-expr","locations":[{"start":{"line":103,"column":9},"end":{"line":103,"column":13}},{"start":{"line":104,"column":10},"end":{"line":110,"column":23}}],"line":103},"17":{"loc":{"start":{"line":112,"column":9},"end":{"line":112,"column":79}},"type":"binary-expr","locations":[{"start":{"line":112,"column":9},"end":{"line":112,"column":21}},{"start":{"line":112,"column":25},"end":{"line":112,"column":79}}],"line":112},"18":{"loc":{"start":{"line":113,"column":9},"end":{"line":122,"column":9}},"type":"binary-expr","locations":[{"start":{"line":113,"column":9},"end":{"line":113,"column":18}},{"start":{"line":114,"column":10},"end":{"line":121,"column":23}}],"line":113},"19":{"loc":{"start":{"line":116,"column":21},"end":{"line":116,"column":44}},"type":"binary-expr","locations":[{"start":{"line":116,"column":21},"end":{"line":116,"column":28}},{"start":{"line":116,"column":32},"end":{"line":116,"column":44}}],"line":116}},"s":{"0":1,"1":18,"2":18,"3":0,"4":1,"5":18,"6":18,"7":18,"8":18,"9":18,"10":18,"11":18,"12":18,"13":18,"14":2,"15":1,"16":1,"17":18,"18":1,"19":18,"20":1},"f":{"0":18,"1":18,"2":2,"3":1},"b":{"0":[18,0],"1":[18],"2":[15],"3":[14],"4":[15],"5":[18],"6":[17],"7":[17],"8":[18,4],"9":[18,3],"10":[18,1],"11":[18,1],"12":[18,1],"13":[1,1],"14":[2,1],"15":[18,1],"16":[18,2],"17":[18,17],"18":[18,1],"19":[1,1]},"_coverageSchema":"1a1c01bbd47fc00a2c39e90264f33305004495a9","hash":"d86ddf9528a72f15b5c15bbd22a559e97a8722a7"}
,"/Users/shervinchen/mine/code/projects/raw-ui/packages/Button/ButtonIcon.tsx": {"path":"/Users/shervinchen/mine/code/projects/raw-ui/packages/Button/ButtonIcon.tsx","statementMap":{"0":{"start":{"line":7,"column":59},"end":{"line":54,"column":1}},"1":{"start":{"line":14,"column":32},"end":{"line":37,"column":3}},"2":{"start":{"line":39,"column":18},"end":{"line":46,"column":3}},"3":{"start":{"line":48,"column":2},"end":{"line":53,"column":4}}},"fnMap":{"0":{"name":"(anonymous_0)","decl":{"start":{"line":7,"column":59},"end":{"line":7,"column":60}},"loc":{"start":{"line":13,"column":6},"end":{"line":54,"column":1}},"line":13}},"branchMap":{"0":{"loc":{"start":{"line":8,"column":2},"end":{"line":8,"column":17}},"type":"default-arg","locations":[{"start":{"line":8,"column":12},"end":{"line":8,"column":17}}],"line":8},"1":{"loc":{"start":{"line":9,"column":2},"end":{"line":9,"column":18}},"type":"default-arg","locations":[{"start":{"line":9,"column":13},"end":{"line":9,"column":18}}],"line":9}},"s":{"0":1,"1":3,"2":3,"3":3},"f":{"0":3},"b":{"0":[2],"1":[0]},"_coverageSchema":"1a1c01bbd47fc00a2c39e90264f33305004495a9","hash":"a9bb28f586fd181e24b5101e019218007bc3c07a"}
,"/Users/shervinchen/mine/code/projects/raw-ui/packages/Button/ButtonLoading.tsx": {"path":"/Users/shervinchen/mine/code/projects/raw-ui/packages/Button/ButtonLoading.tsx","statementMap":{"0":{"start":{"line":8,"column":71},"end":{"line":35,"column":1}},"1":{"start":{"line":12,"column":32},"end":{"line":26,"column":3}},"2":{"start":{"line":27,"column":18},"end":{"line":27,"column":61}},"3":{"start":{"line":29,"column":2},"end":{"line":34,"column":4}}},"fnMap":{"0":{"name":"(anonymous_0)","decl":{"start":{"line":8,"column":71},"end":{"line":8,"column":72}},"loc":{"start":{"line":11,"column":6},"end":{"line":35,"column":1}},"line":11}},"branchMap":{},"s":{"0":1,"1":1,"2":1,"3":1},"f":{"0":1},"b":{},"_coverageSchema":"1a1c01bbd47fc00a2c39e90264f33305004495a9","hash":"24974a1d494e7738e9e447bebb96dd16c56daf75"}
,"/Users/shervinchen/mine/code/projects/raw-ui/packages/Button/button-group-context.ts": {"path":"/Users/shervinchen/mine/code/projects/raw-ui/packages/Button/button-group-context.ts","statementMap":{"0":{"start":{"line":4,"column":42},"end":{"line":10,"column":1}},"1":{"start":{"line":13,"column":2},"end":{"line":13,"column":50}},"2":{"start":{"line":15,"column":37},"end":{"line":16,"column":51}},"3":{"start":{"line":16,"column":2},"end":{"line":16,"column":51}}},"fnMap":{"0":{"name":"(anonymous_0)","decl":{"start":{"line":15,"column":37},"end":{"line":15,"column":38}},"loc":{"start":{"line":16,"column":2},"end":{"line":16,"column":51}},"line":16}},"branchMap":{},"s":{"0":1,"1":1,"2":1,"3":18},"f":{"0":18},"b":{},"_coverageSchema":"1a1c01bbd47fc00a2c39e90264f33305004495a9","hash":"6bcd272949b4fd0a5b68b6bdb9ac6dfe62ef18b8"}
,"/Users/shervinchen/mine/code/projects/raw-ui/packages/Loading/Loading.styles.ts": {"path":"/Users/shervinchen/mine/code/projects/raw-ui/packages/Loading/Loading.styles.ts","statementMap":{"0":{"start":{"line":4,"column":32},"end":{"line":59,"column":1}},"1":{"start":{"line":5,"column":2},"end":{"line":58,"column":4}},"2":{"start":{"line":61,"column":33},"end":{"line":171,"column":1}},"3":{"start":{"line":62,"column":2},"end":{"line":170,"column":4}}},"fnMap":{"0":{"name":"(anonymous_0)","decl":{"start":{"line":4,"column":32},"end":{"line":4,"column":33}},"loc":{"start":{"line":4,"column":71},"end":{"line":59,"column":1}},"line":4},"1":{"name":"(anonymous_1)","decl":{"start":{"line":61,"column":33},"end":{"line":61,"column":34}},"loc":{"start":{"line":61,"column":73},"end":{"line":171,"column":1}},"line":61}},"branchMap":{"0":{"loc":{"start":{"line":4,"column":35},"end":{"line":4,"column":43}},"type":"default-arg","locations":[{"start":{"line":4,"column":42},"end":{"line":4,"column":43}}],"line":4},"1":{"loc":{"start":{"line":61,"column":36},"end":{"line":61,"column":45}},"type":"default-arg","locations":[{"start":{"line":61,"column":43},"end":{"line":61,"column":45}}],"line":61}},"s":{"0":1,"1":1,"2":1,"3":0},"f":{"0":1,"1":0},"b":{"0":[1],"1":[0]},"_coverageSchema":"1a1c01bbd47fc00a2c39e90264f33305004495a9","hash":"3aab72cd22df1df6c8104210f65db46f6ed27afd"}
,"/Users/shervinchen/mine/code/projects/raw-ui/packages/Loading/Loading.tsx": {"path":"/Users/shervinchen/mine/code/projects/raw-ui/packages/Loading/Loading.tsx","statementMap":{"0":{"start":{"line":7,"column":70},"end":{"line":28,"column":1}},"1":{"start":{"line":10,"column":61},"end":{"line":10,"column":66}},"2":{"start":{"line":11,"column":50},"end":{"line":14,"column":4}},"3":{"start":{"line":15,"column":18},"end":{"line":15,"column":76}},"4":{"start":{"line":17,"column":2},"end":{"line":27,"column":4}},"5":{"start":{"line":30,"column":71},"end":{"line":53,"column":1}},"6":{"start":{"line":33,"column":61},"end":{"line":33,"column":66}},"7":{"start":{"line":34,"column":50},"end":{"line":37,"column":4}},"8":{"start":{"line":38,"column":18},"end":{"line":38,"column":77}},"9":{"start":{"line":40,"column":2},"end":{"line":52,"column":4}},"10":{"start":{"line":45,"column":12},"end":{"line":45,"column":46}},"11":{"start":{"line":55,"column":53},"end":{"line":71,"column":1}},"12":{"start":{"line":62,"column":2},"end":{"line":70,"column":4}},"13":{"start":{"line":73,"column":0},"end":{"line":73,"column":35}}},"fnMap":{"0":{"name":"(anonymous_0)","decl":{"start":{"line":7,"column":70},"end":{"line":7,"column":71}},"loc":{"start":{"line":9,"column":5},"end":{"line":28,"column":1}},"line":9},"1":{"name":"(anonymous_1)","decl":{"start":{"line":30,"column":71},"end":{"line":30,"column":72}},"loc":{"start":{"line":32,"column":5},"end":{"line":53,"column":1}},"line":32},"2":{"name":"(anonymous_2)","decl":{"start":{"line":44,"column":42},"end":{"line":44,"column":43}},"loc":{"start":{"line":45,"column":12},"end":{"line":45,"column":46}},"line":45},"3":{"name":"(anonymous_3)","decl":{"start":{"line":55,"column":53},"end":{"line":55,"column":54}},"loc":{"start":{"line":61,"column":6},"end":{"line":71,"column":1}},"line":61}},"branchMap":{"0":{"loc":{"start":{"line":24,"column":7},"end":{"line":24,"column":73}},"type":"binary-expr","locations":[{"start":{"line":24,"column":7},"end":{"line":24,"column":15}},{"start":{"line":24,"column":19},"end":{"line":24,"column":73}}],"line":24},"1":{"loc":{"start":{"line":49,"column":7},"end":{"line":49,"column":74}},"type":"binary-expr","locations":[{"start":{"line":49,"column":7},"end":{"line":49,"column":15}},{"start":{"line":49,"column":19},"end":{"line":49,"column":74}}],"line":49},"2":{"loc":{"start":{"line":56,"column":2},"end":{"line":56,"column":14}},"type":"default-arg","locations":[{"start":{"line":56,"column":9},"end":{"line":56,"column":14}}],"line":56},"3":{"loc":{"start":{"line":57,"column":2},"end":{"line":57,"column":16}},"type":"default-arg","locations":[{"start":{"line":57,"column":10},"end":{"line":57,"column":16}}],"line":57},"4":{"loc":{"start":{"line":58,"column":2},"end":{"line":58,"column":16}},"type":"default-arg","locations":[{"start":{"line":58,"column":14},"end":{"line":58,"column":16}}],"line":58},"5":{"loc":{"start":{"line":62,"column":9},"end":{"line":70,"column":3}},"type":"cond-expr","locations":[{"start":{"line":63,"column":4},"end":{"line":65,"column":17}},{"start":{"line":67,"column":4},"end":{"line":69,"column":18}}],"line":62}},"s":{"0":1,"1":1,"2":1,"3":1,"4":1,"5":1,"6":0,"7":0,"8":0,"9":0,"10":0,"11":1,"12":1,"13":1},"f":{"0":1,"1":0,"2":0,"3":1},"b":{"0":[1,0],"1":[0,0],"2":[1],"3":[0],"4":[1],"5":[1,0]},"_coverageSchema":"1a1c01bbd47fc00a2c39e90264f33305004495a9","hash":"a73ec8b6ae0cbb1f98331c9ba1bb114d9bf89b34"}
,"/Users/shervinchen/mine/code/projects/raw-ui/packages/Loading/index.ts": {"path":"/Users/shervinchen/mine/code/projects/raw-ui/packages/Loading/index.ts","statementMap":{},"fnMap":{},"branchMap":{},"s":{},"f":{},"b":{},"_coverageSchema":"1a1c01bbd47fc00a2c39e90264f33305004495a9","hash":"02da5793ba8612aae3a16a961eb47146e7d01f9b"}
,"/Users/shervinchen/mine/code/projects/raw-ui/packages/Theme/theme-context.ts": {"path":"/Users/shervinchen/mine/code/projects/raw-ui/packages/Theme/theme-context.ts","statementMap":{"0":{"start":{"line":5,"column":21},"end":{"line":5,"column":49}},"1":{"start":{"line":8,"column":2},"end":{"line":8,"column":41}},"2":{"start":{"line":10,"column":24},"end":{"line":10,"column":78}},"3":{"start":{"line":10,"column":42},"end":{"line":10,"column":78}}},"fnMap":{"0":{"name":"(anonymous_0)","decl":{"start":{"line":10,"column":24},"end":{"line":10,"column":25}},"loc":{"start":{"line":10,"column":42},"end":{"line":10,"column":78}},"line":10}},"branchMap":{},"s":{"0":1,"1":1,"2":1,"3":72},"f":{"0":72},"b":{},"_coverageSchema":"1a1c01bbd47fc00a2c39e90264f33305004495a9","hash":"9083ced0d8b2791a970b1d920bc7a2110ec92185"}
,"/Users/shervinchen/mine/code/projects/raw-ui/packages/Theme/theme.ts": {"path":"/Users/shervinchen/mine/code/projects/raw-ui/packages/Theme/theme.ts","statementMap":{"0":{"start":{"line":7,"column":19},"end":{"line":36,"column":1}},"1":{"start":{"line":11,"column":2},"end":{"line":11,"column":60}},"2":{"start":{"line":11,"column":46},"end":{"line":11,"column":60}},"3":{"start":{"line":13,"column":21},"end":{"line":13,"column":58}},"4":{"start":{"line":16,"column":6},"end":{"line":16,"column":8}},"5":{"start":{"line":18,"column":2},"end":{"line":33,"column":3}},"6":{"start":{"line":19,"column":24},"end":{"line":19,"column":35}},"7":{"start":{"line":20,"column":24},"end":{"line":20,"column":35}},"8":{"start":{"line":22,"column":4},"end":{"line":32,"column":5}},"9":{"start":{"line":23,"column":6},"end":{"line":23,"column":52}},"10":{"start":{"line":24,"column":11},"end":{"line":32,"column":5}},"11":{"start":{"line":25,"column":6},"end":{"line":27,"column":9}},"12":{"start":{"line":28,"column":11},"end":{"line":32,"column":5}},"13":{"start":{"line":29,"column":6},"end":{"line":29,"column":32}},"14":{"start":{"line":31,"column":6},"end":{"line":31,"column":32}},"15":{"start":{"line":35,"column":2},"end":{"line":35,"column":21}},"16":{"start":{"line":38,"column":24},"end":{"line":40,"column":1}},"17":{"start":{"line":39,"column":2},"end":{"line":39,"column":33}},"18":{"start":{"line":42,"column":29},"end":{"line":44,"column":1}},"19":{"start":{"line":43,"column":2},"end":{"line":43,"column":20}},"20":{"start":{"line":46,"column":29},"end":{"line":51,"column":1}},"21":{"start":{"line":47,"column":2},"end":{"line":47,"column":26}},"22":{"start":{"line":47,"column":13},"end":{"line":47,"column":26}},"23":{"start":{"line":48,"column":23},"end":{"line":48,"column":40}},"24":{"start":{"line":49,"column":18},"end":{"line":49,"column":67}},"25":{"start":{"line":49,"column":47},"end":{"line":49,"column":66}},"26":{"start":{"line":50,"column":2},"end":{"line":50,"column":18}},"27":{"start":{"line":53,"column":27},"end":{"line":55,"column":1}},"28":{"start":{"line":54,"column":2},"end":{"line":54,"column":66}},"29":{"start":{"line":54,"column":33},"end":{"line":54,"column":64}},"30":{"start":{"line":57,"column":25},"end":{"line":66,"column":1}},"31":{"start":{"line":61,"column":2},"end":{"line":63,"column":3}},"32":{"start":{"line":62,"column":4},"end":{"line":62,"column":59}},"33":{"start":{"line":65,"column":2},"end":{"line":65,"column":58}},"34":{"start":{"line":68,"column":24},"end":{"line":69,"column":38}},"35":{"start":{"line":69,"column":2},"end":{"line":69,"column":38}},"36":{"start":{"line":70,"column":23},"end":{"line":71,"column":37}},"37":{"start":{"line":71,"column":2},"end":{"line":71,"column":37}},"38":{"start":{"line":73,"column":14},"end":{"line":81,"column":1}}},"fnMap":{"0":{"name":"(anonymous_0)","decl":{"start":{"line":7,"column":19},"end":{"line":7,"column":20}},"loc":{"start":{"line":10,"column":8},"end":{"line":36,"column":1}},"line":10},"1":{"name":"(anonymous_1)","decl":{"start":{"line":38,"column":24},"end":{"line":38,"column":25}},"loc":{"start":{"line":38,"column":49},"end":{"line":40,"column":1}},"line":38},"2":{"name":"(anonymous_2)","decl":{"start":{"line":42,"column":29},"end":{"line":42,"column":30}},"loc":{"start":{"line":42,"column":47},"end":{"line":44,"column":1}},"line":42},"3":{"name":"(anonymous_3)","decl":{"start":{"line":46,"column":29},"end":{"line":46,"column":30}},"loc":{"start":{"line":46,"column":57},"end":{"line":51,"column":1}},"line":46},"4":{"name":"(anonymous_4)","decl":{"start":{"line":49,"column":36},"end":{"line":49,"column":37}},"loc":{"start":{"line":49,"column":47},"end":{"line":49,"column":66}},"line":49},"5":{"name":"(anonymous_5)","decl":{"start":{"line":53,"column":27},"end":{"line":53,"column":28}},"loc":{"start":{"line":53,"column":72},"end":{"line":55,"column":1}},"line":53},"6":{"name":"(anonymous_6)","decl":{"start":{"line":54,"column":23},"end":{"line":54,"column":24}},"loc":{"start":{"line":54,"column":33},"end":{"line":54,"column":64}},"line":54},"7":{"name":"(anonymous_7)","decl":{"start":{"line":57,"column":25},"end":{"line":57,"column":26}},"loc":{"start":{"line":60,"column":17},"end":{"line":66,"column":1}},"line":60},"8":{"name":"(anonymous_8)","decl":{"start":{"line":68,"column":24},"end":{"line":68,"column":25}},"loc":{"start":{"line":69,"column":2},"end":{"line":69,"column":38}},"line":69},"9":{"name":"(anonymous_9)","decl":{"start":{"line":70,"column":23},"end":{"line":70,"column":24}},"loc":{"start":{"line":71,"column":2},"end":{"line":71,"column":37}},"line":71}},"branchMap":{"0":{"loc":{"start":{"line":11,"column":2},"end":{"line":11,"column":60}},"type":"if","locations":[{"start":{"line":11,"column":2},"end":{"line":11,"column":60}},{"start":{},"end":{}}],"line":11},"1":{"loc":{"start":{"line":11,"column":6},"end":{"line":11,"column":44}},"type":"binary-expr","locations":[{"start":{"line":11,"column":6},"end":{"line":11,"column":23}},{"start":{"line":11,"column":27},"end":{"line":11,"column":44}}],"line":11},"2":{"loc":{"start":{"line":22,"column":4},"end":{"line":32,"column":5}},"type":"if","locations":[{"start":{"line":22,"column":4},"end":{"line":32,"column":5}},{"start":{"line":24,"column":11},"end":{"line":32,"column":5}}],"line":22},"3":{"loc":{"start":{"line":22,"column":8},"end":{"line":22,"column":64}},"type":"binary-expr","locations":[{"start":{"line":22,"column":8},"end":{"line":22,"column":34}},{"start":{"line":22,"column":38},"end":{"line":22,"column":64}}],"line":22},"4":{"loc":{"start":{"line":24,"column":11},"end":{"line":32,"column":5}},"type":"if","locations":[{"start":{"line":24,"column":11},"end":{"line":32,"column":5}},{"start":{"line":28,"column":11},"end":{"line":32,"column":5}}],"line":24},"5":{"loc":{"start":{"line":24,"column":15},"end":{"line":24,"column":61}},"type":"binary-expr","locations":[{"start":{"line":24,"column":15},"end":{"line":24,"column":36}},{"start":{"line":24,"column":40},"end":{"line":24,"column":61}}],"line":24},"6":{"loc":{"start":{"line":28,"column":11},"end":{"line":32,"column":5}},"type":"if","locations":[{"start":{"line":28,"column":11},"end":{"line":32,"column":5}},{"start":{"line":30,"column":11},"end":{"line":32,"column":5}}],"line":28},"7":{"loc":{"start":{"line":47,"column":2},"end":{"line":47,"column":26}},"type":"if","locations":[{"start":{"line":47,"column":2},"end":{"line":47,"column":26}},{"start":{},"end":{}}],"line":47},"8":{"loc":{"start":{"line":53,"column":28},"end":{"line":53,"column":58}},"type":"default-arg","locations":[{"start":{"line":53,"column":56},"end":{"line":53,"column":58}}],"line":53},"9":{"loc":{"start":{"line":61,"column":2},"end":{"line":63,"column":3}},"type":"if","locations":[{"start":{"line":61,"column":2},"end":{"line":63,"column":3}},{"start":{},"end":{}}],"line":61}},"s":{"0":1,"1":0,"2":0,"3":0,"4":0,"5":0,"6":0,"7":0,"8":0,"9":0,"10":0,"11":0,"12":0,"13":0,"14":0,"15":0,"16":1,"17":0,"18":1,"19":1,"20":1,"21":0,"22":0,"23":0,"24":0,"25":0,"26":0,"27":1,"28":0,"29":0,"30":1,"31":0,"32":0,"33":0,"34":1,"35":0,"36":1,"37":0,"38":1},"f":{"0":0,"1":0,"2":1,"3":0,"4":0,"5":0,"6":0,"7":0,"8":0,"9":0},"b":{"0":[0,0],"1":[0,0],"2":[0,0],"3":[0,0],"4":[0,0],"5":[0,0],"6":[0,0],"7":[0,0],"8":[0],"9":[0,0]},"_coverageSchema":"1a1c01bbd47fc00a2c39e90264f33305004495a9","hash":"739317d3b14bf75d4406a662c97f725ee23c3caa"}
,"/Users/shervinchen/mine/code/projects/raw-ui/packages/Theme/preset/dark.ts": {"path":"/Users/shervinchen/mine/code/projects/raw-ui/packages/Theme/preset/dark.ts","statementMap":{"0":{"start":{"line":3,"column":42},"end":{"line":35,"column":1}},"1":{"start":{"line":37,"column":40},"end":{"line":43,"column":1}},"2":{"start":{"line":45,"column":33},"end":{"line":49,"column":1}}},"fnMap":{},"branchMap":{},"s":{"0":1,"1":1,"2":1},"f":{},"b":{},"_coverageSchema":"1a1c01bbd47fc00a2c39e90264f33305004495a9","hash":"3869a0ba8fbb908fc7ec774a6491c071b757a728"}
,"/Users/shervinchen/mine/code/projects/raw-ui/packages/Theme/preset/default.ts": {"path":"/Users/shervinchen/mine/code/projects/raw-ui/packages/Theme/preset/default.ts","statementMap":{"0":{"start":{"line":3,"column":42},"end":{"line":35,"column":1}},"1":{"start":{"line":37,"column":40},"end":{"line":43,"column":1}},"2":{"start":{"line":45,"column":33},"end":{"line":49,"column":1}}},"fnMap":{},"branchMap":{},"s":{"0":1,"1":1,"2":1},"f":{},"b":{},"_coverageSchema":"1a1c01bbd47fc00a2c39e90264f33305004495a9","hash":"d6a0ea9b554139d302584b8bcf50f2f86c2de172"}
,"/Users/shervinchen/mine/code/projects/raw-ui/packages/utils/common/getValidChildren.ts": {"path":"/Users/shervinchen/mine/code/projects/raw-ui/packages/utils/common/getValidChildren.ts","statementMap":{"0":{"start":{"line":4,"column":2},"end":{"line":6,"column":28}},"1":{"start":{"line":5,"column":4},"end":{"line":5,"column":25}}},"fnMap":{"0":{"name":"getValidChildren","decl":{"start":{"line":3,"column":24},"end":{"line":3,"column":40}},"loc":{"start":{"line":3,"column":68},"end":{"line":7,"column":1}},"line":3},"1":{"name":"(anonymous_1)","decl":{"start":{"line":4,"column":43},"end":{"line":4,"column":44}},"loc":{"start":{"line":5,"column":4},"end":{"line":5,"column":25}},"line":5}},"branchMap":{},"s":{"0":0,"1":0},"f":{"0":0,"1":0},"b":{},"_coverageSchema":"1a1c01bbd47fc00a2c39e90264f33305004495a9","hash":"7276d27e0ec151ba54576b8190040ebaae8b0501"}
,"/Users/shervinchen/mine/code/projects/raw-ui/packages/utils/common/index.ts": {"path":"/Users/shervinchen/mine/code/projects/raw-ui/packages/utils/common/index.ts","statementMap":{},"fnMap":{},"branchMap":{},"s":{},"f":{},"b":{},"_coverageSchema":"1a1c01bbd47fc00a2c39e90264f33305004495a9","hash":"a1ca4298623779ef77b1ad1d796afda1deec863a"}
,"/Users/shervinchen/mine/code/projects/raw-ui/packages/utils/common/isObject.ts": {"path":"/Users/shervinchen/mine/code/projects/raw-ui/packages/utils/common/isObject.ts","statementMap":{"0":{"start":{"line":1,"column":17},"end":{"line":2,"column":47}},"1":{"start":{"line":2,"column":2},"end":{"line":2,"column":47}}},"fnMap":{"0":{"name":"(anonymous_0)","decl":{"start":{"line":1,"column":17},"end":{"line":1,"column":18}},"loc":{"start":{"line":2,"column":2},"end":{"line":2,"column":47}},"line":2}},"branchMap":{"0":{"loc":{"start":{"line":2,"column":2},"end":{"line":2,"column":47}},"type":"binary-expr","locations":[{"start":{"line":2,"column":2},"end":{"line":2,"column":17}},{"start":{"line":2,"column":21},"end":{"line":2,"column":47}}],"line":2}},"s":{"0":1,"1":0},"f":{"0":0},"b":{"0":[0,0]},"_coverageSchema":"1a1c01bbd47fc00a2c39e90264f33305004495a9","hash":"049d0130df1cefbf0bef22648d4a6b72bb175520"}
}
