TN:
SF:packages/Button/Button.styles.ts
FN:16,(anonymous_0)
FN:289,(anonymous_1)
FN:392,(anonymous_2)
FN:484,(anonymous_3)
FNF:4
FNH:4
FNDA:36,(anonymous_0)
FNDA:18,(anonymous_1)
FNDA:18,(anonymous_2)
FNDA:18,(anonymous_3)
DA:16,1
DA:17,36
DA:18,36
DA:22,36
DA:44,36
DA:166,36
DA:241,36
DA:262,36
DA:268,36
DA:289,1
DA:290,18
DA:291,18
DA:296,18
DA:386,18
DA:389,18
DA:392,1
DA:393,18
DA:394,18
DA:399,18
DA:478,18
DA:481,18
DA:484,1
DA:494,18
DA:502,18
DA:508,18
DA:510,18
LF:26
LH:26
BRDA:263,0,0,36
BRDA:263,0,1,0
BRDA:263,1,0,36
BRDA:263,1,1,0
BRDA:263,2,0,36
BRDA:263,2,1,0
BRDA:265,3,0,36
BRDA:265,3,1,0
BRDA:265,4,0,36
BRDA:265,4,1,0
BRDA:270,5,0,2
BRDA:270,5,1,34
BRDA:272,6,0,2
BRDA:272,6,1,0
BRDA:272,7,0,2
BRDA:272,7,1,0
BRDA:272,8,0,2
BRDA:272,8,1,0
BRDA:277,9,0,2
BRDA:277,9,1,34
BRDA:279,10,0,2
BRDA:279,10,1,0
BRDA:281,11,0,0
BRDA:281,11,1,0
BRDA:281,12,0,0
BRDA:281,12,1,0
BRDA:386,13,0,18
BRDA:386,13,1,0
BRDA:386,14,0,18
BRDA:386,14,1,0
BRDA:386,15,0,18
BRDA:386,15,1,0
BRDA:389,16,0,2
BRDA:389,16,1,16
BRDA:389,17,0,18
BRDA:389,17,1,17
BRDA:478,18,0,18
BRDA:478,18,1,0
BRDA:478,19,0,18
BRDA:478,19,1,0
BRDA:478,20,0,18
BRDA:478,20,1,0
BRDA:481,21,0,2
BRDA:481,21,1,16
BRDA:481,22,0,18
BRDA:481,22,1,17
BRDA:492,23,0,17
BRDA:493,24,0,16
BRDA:497,25,0,13
BRDA:498,26,0,8
BRDA:499,27,0,3
BRDA:500,28,0,17
BRDA:501,29,0,17
BRDA:505,30,0,3
BRDA:506,31,0,17
BRDA:507,32,0,17
BRF:56
BRH:37
end_of_record
TN:
SF:packages/Button/Button.tsx
FN:19,(anonymous_0)
FN:34,(anonymous_1)
FN:84,(anonymous_2)
FN:89,(anonymous_3)
FNF:4
FNH:4
FNDA:18,(anonymous_0)
FNDA:18,(anonymous_1)
FNDA:2,(anonymous_2)
FNDA:1,(anonymous_3)
DA:19,1
DA:23,18
DA:24,0
DA:33,1
DA:35,18
DA:49,18
DA:50,18
DA:53,18
DA:61,18
DA:69,18
DA:70,18
DA:72,18
DA:84,18
DA:85,2
DA:86,1
DA:89,18
DA:91,18
DA:129,1
LF:18
LH:17
BRDA:23,0,0,18
BRDA:23,0,1,0
BRDA:37,1,0,18
BRDA:38,2,0,15
BRDA:39,3,0,14
BRDA:40,4,0,15
BRDA:41,5,0,18
BRDA:42,6,0,17
BRDA:43,7,0,17
BRDA:74,8,0,18
BRDA:74,8,1,4
BRDA:76,9,0,18
BRDA:76,9,1,3
BRDA:77,10,0,18
BRDA:77,10,1,1
BRDA:78,11,0,18
BRDA:78,11,1,1
BRDA:79,12,0,18
BRDA:79,12,1,1
BRDA:85,13,0,1
BRDA:85,13,1,1
BRDA:85,14,0,2
BRDA:85,14,1,1
BRDA:100,15,0,18
BRDA:100,15,1,1
BRDA:103,16,0,18
BRDA:103,16,1,2
BRDA:112,17,0,18
BRDA:112,17,1,17
BRDA:113,18,0,18
BRDA:113,18,1,1
BRDA:116,19,0,1
BRDA:116,19,1,1
BRF:33
BRH:32
end_of_record
TN:
SF:packages/Button/ButtonIcon.tsx
FN:7,(anonymous_0)
FNF:1
FNH:1
FNDA:3,(anonymous_0)
DA:7,1
DA:14,3
DA:39,3
DA:48,3
LF:4
LH:4
BRDA:8,0,0,2
BRDA:9,1,0,0
BRF:2
BRH:1
end_of_record
TN:
SF:packages/Button/ButtonLoading.tsx
FN:8,(anonymous_0)
FNF:1
FNH:1
FNDA:1,(anonymous_0)
DA:8,1
DA:12,1
DA:27,1
DA:29,1
LF:4
LH:4
BRF:0
BRH:0
end_of_record
TN:
SF:packages/Button/button-group-context.ts
FN:15,(anonymous_0)
FNF:1
FNH:1
FNDA:18,(anonymous_0)
DA:4,1
DA:13,1
DA:15,1
DA:16,18
LF:4
LH:4
BRF:0
BRH:0
end_of_record
TN:
SF:packages/Loading/Loading.styles.ts
FN:4,(anonymous_0)
FN:61,(anonymous_1)
FNF:2
FNH:1
FNDA:1,(anonymous_0)
FNDA:0,(anonymous_1)
DA:4,1
DA:5,1
DA:61,1
DA:62,0
LF:4
LH:3
BRDA:4,0,0,1
BRDA:61,1,0,0
BRF:2
BRH:1
end_of_record
TN:
SF:packages/Loading/Loading.tsx
FN:7,(anonymous_0)
FN:30,(anonymous_1)
FN:44,(anonymous_2)
FN:55,(anonymous_3)
FNF:4
FNH:2
FNDA:1,(anonymous_0)
FNDA:0,(anonymous_1)
FNDA:0,(anonymous_2)
FNDA:1,(anonymous_3)
DA:7,1
DA:10,1
DA:11,1
DA:15,1
DA:17,1
DA:30,1
DA:33,0
DA:34,0
DA:38,0
DA:40,0
DA:45,0
DA:55,1
DA:62,1
DA:73,1
LF:14
LH:9
BRDA:24,0,0,1
BRDA:24,0,1,0
BRDA:49,1,0,0
BRDA:49,1,1,0
BRDA:56,2,0,1
BRDA:57,3,0,0
BRDA:58,4,0,1
BRDA:62,5,0,1
BRDA:62,5,1,0
BRF:9
BRH:4
end_of_record
TN:
SF:packages/Loading/index.ts
FNF:0
FNH:0
LF:0
LH:0
BRF:0
BRH:0
end_of_record
TN:
SF:packages/Theme/theme-context.ts
FN:10,(anonymous_0)
FNF:1
FNH:1
FNDA:72,(anonymous_0)
DA:5,1
DA:8,1
DA:10,72
LF:3
LH:3
BRF:0
BRH:0
end_of_record
TN:
SF:packages/Theme/theme.ts
FN:7,(anonymous_0)
FN:38,(anonymous_1)
FN:42,(anonymous_2)
FN:46,(anonymous_3)
FN:49,(anonymous_4)
FN:53,(anonymous_5)
FN:54,(anonymous_6)
FN:57,(anonymous_7)
FN:68,(anonymous_8)
FN:70,(anonymous_9)
FNF:10
FNH:1
FNDA:0,(anonymous_0)
FNDA:0,(anonymous_1)
FNDA:1,(anonymous_2)
FNDA:0,(anonymous_3)
FNDA:0,(anonymous_4)
FNDA:0,(anonymous_5)
FNDA:0,(anonymous_6)
FNDA:0,(anonymous_7)
FNDA:0,(anonymous_8)
FNDA:0,(anonymous_9)
DA:7,1
DA:11,0
DA:13,0
DA:16,0
DA:18,0
DA:19,0
DA:20,0
DA:22,0
DA:23,0
DA:24,0
DA:25,0
DA:28,0
DA:29,0
DA:31,0
DA:35,0
DA:38,1
DA:39,0
DA:42,1
DA:43,1
DA:46,1
DA:47,0
DA:48,0
DA:49,0
DA:50,0
DA:53,1
DA:54,0
DA:57,1
DA:61,0
DA:62,0
DA:65,0
DA:68,1
DA:69,0
DA:70,1
DA:71,0
DA:73,1
LF:35
LH:10
BRDA:11,0,0,0
BRDA:11,0,1,0
BRDA:11,1,0,0
BRDA:11,1,1,0
BRDA:22,2,0,0
BRDA:22,2,1,0
BRDA:22,3,0,0
BRDA:22,3,1,0
BRDA:24,4,0,0
BRDA:24,4,1,0
BRDA:24,5,0,0
BRDA:24,5,1,0
BRDA:28,6,0,0
BRDA:28,6,1,0
BRDA:47,7,0,0
BRDA:47,7,1,0
BRDA:53,8,0,0
BRDA:61,9,0,0
BRDA:61,9,1,0
BRF:19
BRH:0
end_of_record
TN:
SF:packages/Theme/preset/dark.ts
FNF:0
FNH:0
DA:3,1
DA:37,1
DA:45,1
LF:3
LH:3
BRF:0
BRH:0
end_of_record
TN:
SF:packages/Theme/preset/default.ts
FNF:0
FNH:0
DA:3,1
DA:37,1
DA:45,1
LF:3
LH:3
BRF:0
BRH:0
end_of_record
TN:
SF:packages/utils/common/getValidChildren.ts
FN:3,getValidChildren
FN:4,(anonymous_1)
FNF:2
FNH:0
FNDA:0,getValidChildren
FNDA:0,(anonymous_1)
DA:4,0
DA:5,0
LF:2
LH:0
BRF:0
BRH:0
end_of_record
TN:
SF:packages/utils/common/index.ts
FNF:0
FNH:0
LF:0
LH:0
BRF:0
BRH:0
end_of_record
TN:
SF:packages/utils/common/isObject.ts
FN:1,(anonymous_0)
FNF:1
FNH:0
FNDA:0,(anonymous_0)
DA:1,1
DA:2,0
LF:2
LH:1
BRDA:2,0,0,0
BRDA:2,0,1,0
BRF:2
BRH:0
end_of_record
